<?xml version="1.0" encoding="UTF-8"?>
<testsuite name="WallServiceTest" tests="3" skipped="0" failures="0" errors="0" timestamp="2020-12-22T19:37:06" hostname="USER-PC" time="0.016">
  <properties/>
  <testcase name="updateExistingFalse" classname="WallServiceTest" time="0.016"/>
  <testcase name="addPost" classname="WallServiceTest" time="0.0"/>
  <testcase name="updateExistingTrue" classname="WallServiceTest" time="0.0"/>
  <system-out><![CDATA[]]></system-out>
  <system-err><![CDATA[]]></system-err>
</testsuite>
