<?xml version="1.0" encoding="UTF-8"?>
<testsuite name="WallServiceTest" tests="3" skipped="0" failures="0" errors="0" timestamp="2020-12-22T20:40:09" hostname="USER-PC" time="0.02">
  <properties/>
  <testcase name="updateExistingFalse" classname="WallServiceTest" time="0.017"/>
  <testcase name="addPost" classname="WallServiceTest" time="0.0"/>
  <testcase name="updateExistingTrue" classname="WallServiceTest" time="0.002"/>
  <system-out><![CDATA[Post(id=1, date=18.12.2020, text=test, lices=1, ownerId=0, fromId=0, createdBy=0, replyOwnerId=0, replyPostId=0, friendsOnly=false, postType=, signerId=0, canPin=false, canDelete=false, canEdit=false, isPinned=false, markedAsAds=false, isFavorite=false, postponedId=0, comments=0, copyright=0, likes=0, reposts=0, views=0, donut=0)
]]></system-out>
  <system-err><![CDATA[]]></system-err>
</testsuite>
