<?xml version="1.0" encoding="UTF-8"?>
<testsuite name="WallServiceTest" tests="1" skipped="0" failures="0" errors="0" timestamp="2020-12-21T19:22:57" hostname="USER-PC" time="0.125">
  <properties/>
  <testcase name="updateExistingFalse" classname="WallServiceTest" time="0.125"/>
  <system-out><![CDATA[]]></system-out>
  <system-err><![CDATA[]]></system-err>
</testsuite>
