<?xml version="1.0" encoding="UTF-8"?>
<testsuite name="WallServiceTest" tests="2" skipped="0" failures="0" errors="0" timestamp="2020-12-20T19:46:09" hostname="USER-PC" time="0.626">
  <properties/>
  <testcase name="updateExisting" classname="WallServiceTest" time="0.624"/>
  <testcase name="addPost" classname="WallServiceTest" time="0.001"/>
  <system-out><![CDATA[]]></system-out>
  <system-err><![CDATA[]]></system-err>
</testsuite>
